# JRE version: OpenJDK Runtime Environment (8.0_152-b02) (build 1.8.0_152-release-1024-b02)
# Java VM: OpenJDK 64-Bit Server VM (25.152-b02 mixed mode windows-amd64 compressed oops)
Heap:
 PSYoungGen      total 196608K, used 175212K [0x00000000e0000000, 0x00000000ef400000, 0x0000000100000000)
  eden space 173056K, 87% used [0x00000000e0000000,0x00000000e941caf0,0x00000000ea900000)
  from space 23552K, 99% used [0x00000000edd00000,0x00000000ef3fe908,0x00000000ef400000)
  to   space 23552K, 0% used [0x00000000ea900000,0x00000000ea900000,0x00000000ec000000)
 ParOldGen       total 152576K, used 49673K [0x00000000a0000000, 0x00000000a9500000, 0x00000000e0000000)
  object space 152576K, 32% used [0x00000000a0000000,0x00000000a3082420,0x00000000a9500000)
 Metaspace       used 66055K, capacity 68154K, committed 68312K, reserved 1107968K
  class space    used 8709K, capacity 9170K, committed 9216K, reserved 1048576K
GC Heap History (10 events):
Event: 23.166 GC heap before
{Heap before GC invocations=11 (full 2):
 PSYoungGen      total 162304K, used 162288K [0x00000000e0000000, 0x00000000ec500000, 0x0000000100000000)
  eden space 150016K, 100% used [0x00000000e0000000,0x00000000e9280000,0x00000000e9280000)
  from space 12288K, 99% used [0x00000000ea000000,0x00000000eabfc208,0x00000000eac00000)
  to   space 13824K, 0% used [0x00000000e9280000,0x00000000e9280000,0x00000000ea000000)
 ParOldGen       total 101376K, used 19102K [0x00000000a0000000, 0x00000000a6300000, 0x00000000e0000000)
  object space 101376K, 18% used [0x00000000a0000000,0x00000000a12a7a00,0x00000000a6300000)
 Metaspace       used 49129K, capacity 50528K, committed 50648K, reserved 1093632K
  class space    used 6692K, capacity 7067K, committed 7168K, reserved 1048576K
Event: 23.195 GC heap after
Heap after GC invocations=11 (full 2):
 PSYoungGen      total 163840K, used 13810K [0x00000000e0000000, 0x00000000ed000000, 0x0000000100000000)
  eden space 150016K, 0% used [0x00000000e0000000,0x00000000e0000000,0x00000000e9280000)
  from space 13824K, 99% used [0x00000000e9280000,0x00000000e9ffca60,0x00000000ea000000)
  to   space 16384K, 0% used [0x00000000ec000000,0x00000000ec000000,0x00000000ed000000)
 ParOldGen       total 101376K, used 20570K [0x00000000a0000000, 0x00000000a6300000, 0x00000000e0000000)
  object space 101376K, 20% used [0x00000000a0000000,0x00000000a1416a70,0x00000000a6300000)
 Metaspace       used 49129K, capacity 50528K, committed 50648K, reserved 1093632K
  class space    used 6692K, capacity 7067K, committed 7168K, reserved 1048576K
}
Event: 30.685 GC heap before
{Heap before GC invocations=12 (full 2):
 PSYoungGen      total 163840K, used 163826K [0x00000000e0000000, 0x00000000ed000000, 0x0000000100000000)
  eden space 150016K, 100% used [0x00000000e0000000,0x00000000e9280000,0x00000000e9280000)
  from space 13824K, 99% used [0x00000000e9280000,0x00000000e9ffca60,0x00000000ea000000)
  to   space 16384K, 0% used [0x00000000ec000000,0x00000000ec000000,0x00000000ed000000)
 ParOldGen       total 101376K, used 20570K [0x00000000a0000000, 0x00000000a6300000, 0x00000000e0000000)
  object space 101376K, 20% used [0x00000000a0000000,0x00000000a1416a70,0x00000000a6300000)
 Metaspace       used 55449K, capacity 57064K, committed 57432K, reserved 1099776K
  class space    used 7551K, capacity 7949K, committed 8064K, reserved 1048576K
Event: 30.732 GC heap after
Heap after GC invocations=12 (full 2):
 PSYoungGen      total 189440K, used 16382K [0x00000000e0000000, 0x00000000edd00000, 0x0000000100000000)
  eden space 173056K, 0% used [0x00000000e0000000,0x00000000e0000000,0x00000000ea900000)
  from space 16384K, 99% used [0x00000000ec000000,0x00000000ecfffbc8,0x00000000ed000000)
  to   space 23552K, 0% used [0x00000000ea900000,0x00000000ea900000,0x00000000ec000000)
 ParOldGen       total 101376K, used 34910K [0x00000000a0000000, 0x00000000a6300000, 0x00000000e0000000)
  object space 101376K, 34% used [0x00000000a0000000,0x00000000a2217890,0x00000000a6300000)
 Metaspace       used 55449K, capacity 57064K, committed 57432K, reserved 1099776K
  class space    used 7551K, capacity 7949K, committed 8064K, reserved 1048576K
}
Event: 42.811 GC heap before
{Heap before GC invocations=13 (full 2):
 PSYoungGen      total 189440K, used 86823K [0x00000000e0000000, 0x00000000edd00000, 0x0000000100000000)
  eden space 173056K, 40% used [0x00000000e0000000,0x00000000e44ca0e8,0x00000000ea900000)
  from space 16384K, 99% used [0x00000000ec000000,0x00000000ecfffbc8,0x00000000ed000000)
  to   space 23552K, 0% used [0x00000000ea900000,0x00000000ea900000,0x00000000ec000000)
 ParOldGen       total 101376K, used 34910K [0x00000000a0000000, 0x00000000a6300000, 0x00000000e0000000)
  object space 101376K, 34% used [0x00000000a0000000,0x00000000a2217890,0x00000000a6300000)
 Metaspace       used 57167K, capacity 58952K, committed 59028K, reserved 1099776K
  class space    used 7744K, capacity 8179K, committed 8192K, reserved 1048576K
Event: 42.839 GC heap after
Heap after GC invocations=13 (full 2):
 PSYoungGen      total 196608K, used 13524K [0x00000000e0000000, 0x00000000ef400000, 0x0000000100000000)
  eden space 173056K, 0% used [0x00000000e0000000,0x00000000e0000000,0x00000000ea900000)
  from space 23552K, 57% used [0x00000000ea900000,0x00000000eb635318,0x00000000ec000000)
  to   space 23552K, 0% used [0x00000000edd00000,0x00000000edd00000,0x00000000ef400000)
 ParOldGen       total 101376K, used 40218K [0x00000000a0000000, 0x00000000a6300000, 0x00000000e0000000)
  object space 101376K, 39% used [0x00000000a0000000,0x00000000a2746b80,0x00000000a6300000)
 Metaspace       used 57167K, capacity 58952K, committed 59028K, reserved 1099776K
  class space    used 7744K, capacity 8179K, committed 8192K, reserved 1048576K
}
Event: 42.839 GC heap before
{Heap before GC invocations=14 (full 3):
 PSYoungGen      total 196608K, used 13524K [0x00000000e0000000, 0x00000000ef400000, 0x0000000100000000)
  eden space 173056K, 0% used [0x00000000e0000000,0x00000000e0000000,0x00000000ea900000)
  from space 23552K, 57% used [0x00000000ea900000,0x00000000eb635318,0x00000000ec000000)
  to   space 23552K, 0% used [0x00000000edd00000,0x00000000edd00000,0x00000000ef400000)
 ParOldGen       total 101376K, used 40218K [0x00000000a0000000, 0x00000000a6300000, 0x00000000e0000000)
  object space 101376K, 39% used [0x00000000a0000000,0x00000000a2746b80,0x00000000a6300000)
 Metaspace       used 57167K, capacity 58952K, committed 59028K, reserved 1099776K
  class space    used 7744K, capacity 8179K, committed 8192K, reserved 1048576K
Event: 43.223 GC heap after
Heap after GC invocations=14 (full 3):
 PSYoungGen      total 196608K, used 0K [0x00000000e0000000, 0x00000000ef400000, 0x0000000100000000)
  eden space 173056K, 0% used [0x00000000e0000000,0x00000000e0000000,0x00000000ea900000)
  from space 23552K, 0% used [0x00000000ea900000,0x00000000ea900000,0x00000000ec000000)
  to   space 23552K, 0% used [0x00000000edd00000,0x00000000edd00000,0x00000000ef400000)
 ParOldGen       total 152576K, used 32574K [0x00000000a0000000, 0x00000000a9500000, 0x00000000e0000000)
  object space 152576K, 21% used [0x00000000a0000000,0x00000000a1fcfb90,0x00000000a9500000)
 Metaspace       used 57167K, capacity 58952K, committed 59028K, reserved 1099776K
  class space    used 7744K, capacity 8179K, committed 8192K, reserved 1048576K
}
Event: 55.152 GC heap before
{Heap before GC invocations=15 (full 3):
 PSYoungGen      total 196608K, used 173056K [0x00000000e0000000, 0x00000000ef400000, 0x0000000100000000)
  eden space 173056K, 100% used [0x00000000e0000000,0x00000000ea900000,0x00000000ea900000)
  from space 23552K, 0% used [0x00000000ea900000,0x00000000ea900000,0x00000000ec000000)
  to   space 23552K, 0% used [0x00000000edd00000,0x00000000edd00000,0x00000000ef400000)
 ParOldGen       total 152576K, used 32574K [0x00000000a0000000, 0x00000000a9500000, 0x00000000e0000000)
  object space 152576K, 21% used [0x00000000a0000000,0x00000000a1fcfb90,0x00000000a9500000)
 Metaspace       used 63426K, capacity 65216K, committed 65368K, reserved 1105920K
  class space    used 8384K, capacity 8797K, committed 8832K, reserved 1048576K
Event: 55.217 GC heap after
Heap after GC invocations=15 (full 3):
 PSYoungGen      total 196608K, used 23546K [0x00000000e0000000, 0x00000000ef400000, 0x0000000100000000)
  eden space 173056K, 0% used [0x00000000e0000000,0x00000000e0000000,0x00000000ea900000)
  from space 23552K, 99% used [0x00000000edd00000,0x00000000ef3fe908,0x00000000ef400000)
  to   space 23552K, 0% used [0x00000000ea900000,0x00000000ea900000,0x00000000ec000000)
 ParOldGen       total 152576K, used 49673K [0x00000000a0000000, 0x00000000a9500000, 0x00000000e0000000)
  object space 152576K, 32% used [0x00000000a0000000,0x00000000a3082420,0x00000000a9500000)
 Metaspace       used 63426K, capacity 65216K, committed 65368K, reserved 1105920K
  class space    used 8384K, capacity 8797K, committed 8832K, reserved 1048576K
}

